<?xml version="1.0" encoding="UTF-8"?>
<testng-results ignored="1" total="5" passed="3" failed="1" skipped="0">
  <reporter-output>
  </reporter-output>
  <suite started-at="2026-02-23T15:17:44 EET" name="Default suite" finished-at="2026-02-23T15:17:59 EET" duration-ms="15249">
    <groups>
    </groups>
    <test started-at="2026-02-23T15:17:44 EET" name="Default test" finished-at="2026-02-23T15:17:59 EET" duration-ms="15249">
      <class name="MySetupTest.Hello">
        <test-method is-config="true" signature="MyBeforTest()[pri:0, instance:MySetupTest.Hello@260e86a1]" started-at="2026-02-23T15:17:44 EET" name="MyBeforTest" finished-at="2026-02-23T15:17:49 EET" duration-ms="4503" status="PASS">
          <reporter-output>
          </reporter-output>
        </test-method> <!-- MyBeforTest -->
        <test-method signature="ReadData()[pri:2, instance:MySetupTest.Hello@260e86a1]" started-at="2026-02-23T15:17:49 EET" name="ReadData" finished-at="2026-02-23T15:17:49 EET" duration-ms="275" status="PASS">
          <reporter-output>
          </reporter-output>
        </test-method> <!-- ReadData -->
        <test-method signature="SignupWithDatabase()[pri:3, instance:MySetupTest.Hello@260e86a1]" started-at="2026-02-23T15:17:49 EET" name="SignupWithDatabase" finished-at="2026-02-23T15:17:59 EET" duration-ms="9925" status="FAIL">
          <exception class="java.lang.AssertionError">
            <message>
              <![CDATA[expected [true] but found [false]]]>
            </message>
            <full-stacktrace>
              <![CDATA[java.lang.AssertionError: expected [true] but found [false]
at org.testng.Assert.fail(Assert.java:111)
at org.testng.Assert.failNotEquals(Assert.java:1590)
at org.testng.Assert.assertEqualsImpl(Assert.java:150)
at org.testng.Assert.assertEquals(Assert.java:132)
at org.testng.Assert.assertEquals(Assert.java:1079)
at org.testng.Assert.assertEquals(Assert.java:1043)
at org.testng.Assert.assertEquals(Assert.java:1089)
at MySetupTest.Hello.SignupWithDatabase(Hello.java:142)
at java.base/jdk.internal.reflect.DirectMethodHandleAccessor.invoke(DirectMethodHandleAccessor.java:103)
at java.base/java.lang.reflect.Method.invoke(Method.java:580)
at org.testng.internal.invokers.MethodInvocationHelper.invokeMethod(MethodInvocationHelper.java:141)
at org.testng.internal.invokers.TestInvoker.invokeMethod(TestInvoker.java:687)
at org.testng.internal.invokers.TestInvoker.invokeTestMethod(TestInvoker.java:230)
at org.testng.internal.invokers.MethodRunner.runInSequence(MethodRunner.java:63)
at org.testng.internal.invokers.TestInvoker$MethodInvocationAgent.invoke(TestInvoker.java:995)
at org.testng.internal.invokers.TestInvoker.invokeTestMethods(TestInvoker.java:203)
at org.testng.internal.invokers.TestMethodWorker.invokeTestMethods(TestMethodWorker.java:154)
at org.testng.internal.invokers.TestMethodWorker.run(TestMethodWorker.java:134)
at java.base/java.util.ArrayList.forEach(ArrayList.java:1596)
at org.testng.TestRunner.privateRun(TestRunner.java:741)
at org.testng.TestRunner.run(TestRunner.java:616)
at org.testng.SuiteRunner.runTest(SuiteRunner.java:421)
at org.testng.SuiteRunner.runSequentially(SuiteRunner.java:413)
at org.testng.SuiteRunner.privateRun(SuiteRunner.java:373)
at org.testng.SuiteRunner.run(SuiteRunner.java:312)
at org.testng.SuiteRunnerWorker.runSuite(SuiteRunnerWorker.java:52)
at org.testng.SuiteRunnerWorker.run(SuiteRunnerWorker.java:95)
at org.testng.TestNG.runSuitesSequentially(TestNG.java:1274)
at org.testng.TestNG.runSuitesLocally(TestNG.java:1208)
at org.testng.TestNG.runSuites(TestNG.java:1112)
at org.testng.TestNG.run(TestNG.java:1079)
at org.testng.remote.AbstractRemoteTestNG.run(AbstractRemoteTestNG.java:115)
at org.testng.remote.RemoteTestNG.initAndRun(RemoteTestNG.java:293)
at org.testng.remote.RemoteTestNG.main(RemoteTestNG.java:91)
]]>
            </full-stacktrace>
          </exception> <!-- java.lang.AssertionError -->
          <reporter-output>
          </reporter-output>
        </test-method> <!-- SignupWithDatabase -->
        <test-method signature="MyTestToUpdate()[pri:4, instance:MySetupTest.Hello@260e86a1]" started-at="2026-02-23T15:17:59 EET" name="MyTestToUpdate" finished-at="2026-02-23T15:17:59 EET" duration-ms="23" status="PASS">
          <reporter-output>
          </reporter-output>
        </test-method> <!-- MyTestToUpdate -->
        <test-method signature="MyTestToDelete()[pri:5, instance:MySetupTest.Hello@260e86a1]" started-at="2026-02-23T15:17:59 EET" name="MyTestToDelete" finished-at="2026-02-23T15:17:59 EET" duration-ms="29" status="PASS">
          <reporter-output>
          </reporter-output>
        </test-method> <!-- MyTestToDelete -->
      </class> <!-- MySetupTest.Hello -->
    </test> <!-- Default test -->
  </suite> <!-- Default suite -->
</testng-results>
